
husky - DEPRECATED

Please remove the following two lines from .husky/pre-commit:

#!/usr/bin/env sh
. "$(dirname -- "$0")/_/husky.sh"

They WILL FAIL in v10.0.0

[STARTED] Backing up original state...
[COMPLETED] Backed up original state in git stash (f3dc60d)
[STARTED] Running tasks for staged files...
[STARTED] package.json — 392 files
[STARTED] *.{js,jsx} — 23 files
[STARTED] *.{json,css,scss,md} — 170 files
[STARTED] eslint --fix
[STARTED] prettier --write
[COMPLETED] prettier --write
[COMPLETED] *.{json,css,scss,md} — 170 files
[FAILED] eslint --fix [FAILED]
[FAILED] eslint --fix [FAILED]
[COMPLETED] Running tasks for staged files...
[STARTED] Applying modifications from tasks...
[SKIPPED] Skipped because of errors from tasks.
[STARTED] Reverting to original state because of errors...
[COMPLETED] Reverting to original state because of errors...
[STARTED] Cleaning up temporary files...
[COMPLETED] Cleaning up temporary files...

✖ eslint --fix:

/Users/ahmedyounis/Documents/Projects/wp-admin-health-suite/assets/js/admin.js
    7:1  warning  Missing JSDoc @param "window" type    jsdoc/require-param-type
    8:1  warning  Missing JSDoc @param "$" type         jsdoc/require-param-type
  291:1  warning  Missing JSDoc @param "message" type   jsdoc/require-param-type
  292:1  warning  Missing JSDoc @param "duration" type  jsdoc/require-param-type

/Users/ahmedyounis/Documents/Projects/wp-admin-health-suite/assets/js/components/Recommendations.jsx
   69:2   warning  'recommendations' is missing in props validation                 react/prop-types
   70:2   warning  'loading' is missing in props validation                         react/prop-types
   71:2   warning  'onRefresh' is missing in props validation                       react/prop-types
  108:1   warning  Missing JSDoc @param "id" type                                   jsdoc/require-param-type
  122:1   warning  Missing JSDoc @param "id" type                                   jsdoc/require-param-type
  143:1   warning  Missing JSDoc @param "recommendation" type                       jsdoc/require-param-type
  187:4   warning  Unexpected alert                                                 no-alert
  197:1   warning  Missing JSDoc @param "recommendation" type                       jsdoc/require-param-type
  201:3   warning  Unexpected alert                                                 no-alert
  208:1   warning  Missing JSDoc @param "recommendation" type                       jsdoc/require-param-type
  580:1   warning  Missing JSDoc @param "root0" type                                jsdoc/require-param-type
  581:1   warning  Missing JSDoc @param "root0.recommendation" type                 jsdoc/require-param-type
  582:1   warning  Missing JSDoc @param "root0.isExpanded" type                     jsdoc/require-param-type
  583:1   warning  Missing JSDoc @param "root0.isExecuting" type                    jsdoc/require-param-type
  584:1   warning  Missing JSDoc @param "root0.isCompleted" type                    jsdoc/require-param-type
  585:1   warning  Missing JSDoc @param "root0.severityColor" type                  jsdoc/require-param-type
  586:1   warning  Missing JSDoc @param "root0.severityIcon" type                   jsdoc/require-param-type
  587:1   warning  Missing JSDoc @param "root0.categoryIcon" type                   jsdoc/require-param-type
  588:1   warning  Missing JSDoc @param "root0.onToggleExpanded" type               jsdoc/require-param-type
  589:1   warning  Missing JSDoc @param "root0.onFixNow" type                       jsdoc/require-param-type
  590:1   warning  Missing JSDoc @param "root0.onPreview" type                      jsdoc/require-param-type
  591:1   warning  Missing JSDoc @param "root0.onDismiss" type                      jsdoc/require-param-type
  592:1   warning  Missing JSDoc @param "root0.onLearnMore" type                    jsdoc/require-param-type
  593:1   warning  Missing JSDoc @param "root0.isLast" type                         jsdoc/require-param-type
  596:2   warning  'recommendation' is missing in props validation                  react/prop-types
  597:2   warning  'isExpanded' is missing in props validation                      react/prop-types
  598:2   warning  'isExecuting' is missing in props validation                     react/prop-types
  599:2   warning  'isCompleted' is missing in props validation                     react/prop-types
  600:2   warning  'severityColor' is missing in props validation                   react/prop-types
  601:2   warning  'severityIcon' is missing in props validation                    react/prop-types
  602:2   warning  'categoryIcon' is missing in props validation                    react/prop-types
  603:2   warning  'onToggleExpanded' is missing in props validation                react/prop-types
  604:2   warning  'onFixNow' is missing in props validation                        react/prop-types
  605:2   warning  'onPreview' is missing in props validation                       react/prop-types
  606:2   warning  'onDismiss' is missing in props validation                       react/prop-types
  607:2   warning  'onLearnMore' is missing in props validation                     react/prop-types
  608:2   warning  'isLast' is missing in props validation                          react/prop-types
  805:47  warning  'recommendation.title' is missing in props validation            react/prop-types
  807:24  warning  'recommendation.impact_estimate' is missing in props validation  react/prop-types
  814:39  warning  'recommendation.category' is missing in props validation         react/prop-types
  815:24  warning  'recommendation.category' is missing in props validation         react/prop-types
  823:23  warning  'recommendation.description' is missing in props validation      react/prop-types
  832:22  warning  'recommendation.steps' is missing in props validation            react/prop-types
  833:22  warning  'recommendation.steps' is missing in props validation            react/prop-types
  833:28  warning  'recommendation.steps.length' is missing in props validation     react/prop-types
  846:26  warning  'recommendation.steps' is missing in props validation            react/prop-types
  846:32  warning  'recommendation.steps.map' is missing in props validation        react/prop-types
  855:23  warning  'recommendation.action_type' is missing in props validation      react/prop-types
  856:22  warning  'recommendation.action_type' is missing in props validation      react/prop-types

/Users/ahmedyounis/Documents/Projects/wp-admin-health-suite/assets/js/database-health.js
    6:1   warning  Missing JSDoc @param "$" type                                                                                                    jsdoc/require-param-type
   86:1   warning  Missing JSDoc @param "data" type                                                                                                 jsdoc/require-param-type
  135:1   warning  Missing JSDoc @param "data" type                                                                                                 jsdoc/require-param-type
  193:1   warning  Missing JSDoc @param "module" type                                                                                               jsdoc/require-param-type
  237:1   warning  Missing JSDoc @param "moduleId" type                                                                                             jsdoc/require-param-type
  255:1   warning  Missing JSDoc @param "e" type                                                                                                    jsdoc/require-param-type
  274:1   warning  Missing JSDoc @param "e" type                                                                                                    jsdoc/require-param-type
  319:1   warning  Missing JSDoc @param "$item" type                                                                                                jsdoc/require-param-type
  320:1   warning  Missing JSDoc @param "data" type                                                                                                 jsdoc/require-param-type
  343:1   warning  Missing JSDoc @param "e" type                                                                                                    jsdoc/require-param-type
  348:10  warning  Variables should not be assigned until just prior its first reference. An early return statement may leave this variable unused  @wordpress/no-unused-vars-before-return
  349:10  warning  Variables should not be assigned until just prior its first reference. An early return statement may leave this variable unused  @wordpress/no-unused-vars-before-return
  356:9   warning  Unexpected confirm                                                                                                               no-alert
  365:1   warning  Missing JSDoc @param "$item" type                                                                                                jsdoc/require-param-type
  366:1   warning  Missing JSDoc @param "moduleId" type                                                                                             jsdoc/require-param-type
  421:1   warning  Missing JSDoc @param "moduleId" type                                                                                             jsdoc/require-param-type
  452:1   warning  Missing JSDoc @param "$item" type                                                                                                jsdoc/require-param-type
  453:1   warning  Missing JSDoc @param "data" type                                                                                                 jsdoc/require-param-type
  520:1   warning  Missing JSDoc @param "tables" type                                                                                               jsdoc/require-param-type
  549:1   warning  Missing JSDoc @param "text" type                                                                                                 jsdoc/require-param-type
  567:1   warning  Missing JSDoc @param "bytes" type                                                                                                jsdoc/require-param-type
  583:1   warning  Missing JSDoc @param "key" type                                                                                                  jsdoc/require-param-type
  593:1   warning  Missing JSDoc @param "$container" type                                                                                           jsdoc/require-param-type

/Users/ahmedyounis/Documents/Projects/wp-admin-health-suite/assets/js/entries/dashboard.test.js
  142:29  warning  'message' is missing in props validation  react/prop-types
  223:29  warning  'name' is missing in props validation     react/prop-types

/Users/ahmedyounis/Documents/Projects/wp-admin-health-suite/assets/js/media-audit.js
     6:1   warning  Missing JSDoc @param "$" type                                                                                                    jsdoc/require-param-type
   203:1   warning  Missing JSDoc @param "data" type                                                                                                 jsdoc/require-param-type
   242:1   warning  Missing JSDoc @param "data" type                                                                                                 jsdoc/require-param-type
   257:1   warning  Missing JSDoc @param "e" type                                                                                                    jsdoc/require-param-type
   281:1   warning  Missing JSDoc @param "tab" type                                                                                                  jsdoc/require-param-type
   329:1   warning  Missing JSDoc @param "tab" type                                                                                                  jsdoc/require-param-type
   354:1   warning  Missing JSDoc @param "tab" type                                                                                                  jsdoc/require-param-type
   355:1   warning  Missing JSDoc @param "data" type                                                                                                 jsdoc/require-param-type
   394:1   warning  Missing JSDoc @param "tab" type                                                                                                  jsdoc/require-param-type
   395:1   warning  Missing JSDoc @param "data" type                                                                                                 jsdoc/require-param-type
   422:1   warning  Missing JSDoc @param "$panel" type                                                                                               jsdoc/require-param-type
   423:1   warning  Missing JSDoc @param "tab" type                                                                                                  jsdoc/require-param-type
   424:1   warning  Missing JSDoc @param "data" type                                                                                                 jsdoc/require-param-type
   453:1   warning  Missing JSDoc @param "tab" type                                                                                                  jsdoc/require-param-type
   454:1   warning  Missing JSDoc @param "item" type                                                                                                 jsdoc/require-param-type
   549:1   warning  Missing JSDoc @param "$panel" type                                                                                               jsdoc/require-param-type
   550:1   warning  Missing JSDoc @param "data" type                                                                                                 jsdoc/require-param-type
   580:1   warning  Missing JSDoc @param "group" type                                                                                                jsdoc/require-param-type
   661:1   warning  Missing JSDoc @param "$panel" type                                                                                               jsdoc/require-param-type
   662:1   warning  Missing JSDoc @param "tab" type                                                                                                  jsdoc/require-param-type
   663:1   warning  Missing JSDoc @param "totalItems" type                                                                                           jsdoc/require-param-type
   751:1   warning  Missing JSDoc @param "$panel" type                                                                                               jsdoc/require-param-type
   752:1   warning  Missing JSDoc @param "tab" type                                                                                                  jsdoc/require-param-type
   763:1   warning  Missing JSDoc @param "e" type                                                                                                    jsdoc/require-param-type
   820:1   warning  Missing JSDoc @param "e" type                                                                                                    jsdoc/require-param-type
   860:1   warning  Missing JSDoc @param "e" type                                                                                                    jsdoc/require-param-type
   874:1   warning  Missing JSDoc @param "e" type                                                                                                    jsdoc/require-param-type
   887:1   warning  Missing JSDoc @param "e" type                                                                                                    jsdoc/require-param-type
   900:1   warning  Missing JSDoc @param "e" type                                                                                                    jsdoc/require-param-type
   925:1   warning  Missing JSDoc @param "e" type                                                                                                    jsdoc/require-param-type
   945:1   warning  Missing JSDoc @param "e" type                                                                                                    jsdoc/require-param-type
   967:9   warning  Unexpected confirm                                                                                                               no-alert
   976:1   warning  Missing JSDoc @param "action" type                                                                                               jsdoc/require-param-type
   977:1   warning  Missing JSDoc @param "items" type                                                                                                jsdoc/require-param-type
   978:1   warning  Missing JSDoc @param "tab" type                                                                                                  jsdoc/require-param-type
  1030:1   warning  Missing JSDoc @param "e" type                                                                                                    jsdoc/require-param-type
  1035:10  warning  Variables should not be assigned until just prior its first reference. An early return statement may leave this variable unused  @wordpress/no-unused-vars-before-return
  1038:6   warning  Unexpected confirm                                                                                                               no-alert
  1050:1   warning  Missing JSDoc @param "e" type                                                                                                    jsdoc/require-param-type
  1062:1   warning  Missing JSDoc @param "e" type                                                                                                    jsdoc/require-param-type
  1087:1   warning  Missing JSDoc @param "$container" type                                                                                           jsdoc/require-param-type
  1111:1   warning  Missing JSDoc @param "$panel" type                                                                                               jsdoc/require-param-type
  1126:1   warning  Missing JSDoc @param "type" type                                                                                                 jsdoc/require-param-type
  1127:1   warning  Missing JSDoc @param "message" type                                                                                              jsdoc/require-param-type
  1150:1   warning  Missing JSDoc @param "bytes" type                                                                                                jsdoc/require-param-type
  1166:1   warning  Missing JSDoc @param "dateString" type                                                                                           jsdoc/require-param-type
  1176:1   warning  Missing JSDoc @param "text" type                                                                                                 jsdoc/require-param-type
  1195:1   warning  Missing JSDoc @param "url" type                                                                                                  jsdoc/require-param-type
  1216:1   warning  Missing JSDoc @param "$container" type                                                                                           jsdoc/require-param-type

/Users/ahmedyounis/Documents/Projects/wp-admin-health-suite/assets/js/performance.js
    6:1   warning  Missing JSDoc @param "$" type                      jsdoc/require-param-type
   19:1   warning  Missing JSDoc @param "root0" type                  jsdoc/require-param-type
   20:1   warning  Missing JSDoc @param "root0.score" type            jsdoc/require-param-type
   21:1   warning  Missing JSDoc @param "root0.grade" type            jsdoc/require-param-type
   23:36  warning  'score' is missing in props validation             react/prop-types
   23:43  warning  'grade' is missing in props validation             react/prop-types
   23:43  warning  'grade' is defined but never used                  no-unused-vars
   54:1   warning  Missing JSDoc @param "root0" type                  jsdoc/require-param-type
   55:1   warning  Missing JSDoc @param "root0.plugins" type          jsdoc/require-param-type
   56:1   warning  Missing JSDoc @param "root0.sortBy" type           jsdoc/require-param-type
   57:1   warning  Missing JSDoc @param "root0.onSort" type           jsdoc/require-param-type
  182:1   warning  Missing JSDoc @param "root0" type                  jsdoc/require-param-type
  183:1   warning  Missing JSDoc @param "root0.data" type             jsdoc/require-param-type
  282:1   warning  Missing JSDoc @param "root0" type                  jsdoc/require-param-type
  283:1   warning  Missing JSDoc @param "root0.settings" type         jsdoc/require-param-type
  284:1   warning  Missing JSDoc @param "root0.onUpdate" type         jsdoc/require-param-type
  409:1   warning  Missing JSDoc @param "root0" type                  jsdoc/require-param-type
  410:1   warning  Missing JSDoc @param "root0.data" type             jsdoc/require-param-type
  503:1   warning  Missing JSDoc @param "root0" type                  jsdoc/require-param-type
  504:1   warning  Missing JSDoc @param "root0.data" type             jsdoc/require-param-type
  589:1   warning  Missing JSDoc @param "root0" type                  jsdoc/require-param-type
  590:1   warning  Missing JSDoc @param "root0.recommendations" type  jsdoc/require-param-type

/Users/ahmedyounis/Documents/Projects/wp-admin-health-suite/jest.setup.js
   9:12  error  'jest' is not defined  no-undef
  16:18  error  'jest' is not defined  no-undef
  22:1   error  'jest' is not defined  no-undef
  24:8   error  'jest' is not defined  no-undef
  25:9   error  'jest' is not defined  no-undef
  26:8   error  'jest' is not defined  no-undef
  27:10  error  'jest' is not defined  no-undef
  28:11  error  'jest' is not defined  no-undef
  29:12  error  'jest' is not defined  no-undef
  30:20  error  'jest' is not defined  no-undef
  31:15  error  'jest' is not defined  no-undef

✖ 160 problems (11 errors, 149 warnings)

husky - pre-commit script failed (code 1)
